<?xml version="1.0" encoding="UTF-8"?>
<!-- Generated by org.testng.reporters.JUnitReportReporter -->
<testsuite hostname="LAPTOP-FUN2M76R" failures="0" tests="8" name="test.SelectableTest" time="5.201" errors="0" timestamp="2024-12-25T16:20:10 IST" skipped="0">
  <testcase classname="test.SelectableTest" name="clickAtClose" time="0.707"/>
  <system-out/>
  <testcase classname="test.SelectableTest" name="clickAtPractice" time="2.432"/>
  <system-out/>
  <testcase classname="test.SelectableTest" name="clickAtInteractions" time="0.320"/>
  <system-out/>
  <testcase classname="test.SelectableTest" name="clickAtSelectable" time="0.501"/>
  <system-out/>
  <testcase classname="test.SelectableTest" name="clickAtSelectableList" time="0.273"/>
  <system-out/>
  <testcase classname="test.SelectableTest" name="clickAtSelectableListItem" time="0.337"/>
  <system-out/>
  <testcase classname="test.SelectableTest" name="clickAtSelectableGrid" time="0.258"/>
  <system-out/>
  <testcase classname="test.SelectableTest" name="clickAtSelectableGridItem" time="0.373"/>
  <system-out/>
</testsuite> <!-- test.SelectableTest -->
