<?xml version="1.0" encoding="UTF-8"?>
<!-- Generated by org.testng.reporters.JUnitReportReporter -->
<testsuite hostname="LAPTOP-FUN2M76R" failures="0" tests="7" name="test.TextBoxTest" time="10.146" errors="0" timestamp="2024-12-25T16:03:20 IST" skipped="0">
  <testcase classname="test.TextBoxTest" name="clickonclose" time="0.887"/>
  <system-out/>
  <testcase classname="test.TextBoxTest" name="clickonpractice" time="3.387"/>
  <system-out/>
  <testcase classname="test.TextBoxTest" name="clickonelements" time="0.162"/>
  <system-out/>
  <testcase classname="test.TextBoxTest" name="clickontextbox" time="0.867"/>
  <system-out/>
  <testcase classname="test.TextBoxTest" name="filldetails" time="3.710"/>
  <system-out/>
  <testcase classname="test.TextBoxTest" name="clickonsubmit" time="0.106"/>
  <system-out/>
  <testcase classname="test.TextBoxTest" name="validate" time="1.027"/>
  <system-out/>
</testsuite> <!-- test.TextBoxTest -->
