<?xml version="1.0" encoding="UTF-8"?>
<!-- Generated by org.testng.reporters.JUnitReportReporter -->
<testsuite hostname="LAPTOP-FUN2M76R" failures="0" tests="7" name="test.RadioButtonsTest" time="9.542" errors="0" timestamp="2024-12-25T16:03:21 IST" skipped="0">
  <testcase classname="test.RadioButtonsTest" name="clickonclose" time="0.488"/>
  <system-out/>
  <testcase classname="test.RadioButtonsTest" name="clickonpractice" time="5.513"/>
  <system-out/>
  <testcase classname="test.RadioButtonsTest" name="clickonelements" time="0.487"/>
  <system-out/>
  <testcase classname="test.RadioButtonsTest" name="clickonradiobuttons" time="0.636"/>
  <system-out/>
  <testcase classname="test.RadioButtonsTest" name="clickonyesbuttons" time="1.430"/>
  <system-out/>
  <testcase classname="test.RadioButtonsTest" name="clickonimpressivebuttons" time="0.783"/>
  <system-out/>
  <testcase classname="test.RadioButtonsTest" name="clickonnobuttons" time="0.205"/>
  <system-out/>
</testsuite> <!-- test.RadioButtonsTest -->
