<?xml version="1.0" encoding="UTF-8"?>
<!-- Generated by org.testng.reporters.JUnitReportReporter -->
<testsuite hostname="LAPTOP-FUN2M76R" failures="0" tests="7" name="test.CheckBoxTest" time="7.019" errors="0" timestamp="2024-12-09T20:44:48 IST" skipped="0">
  <testcase classname="test.CheckBoxTest" name="clickonclose" time="1.037"/>
  <system-out/>
  <testcase classname="test.CheckBoxTest" name="cliconpractice" time="2.382"/>
  <system-out/>
  <testcase classname="test.CheckBoxTest" name="clickonelements" time="0.230"/>
  <system-out/>
  <testcase classname="test.CheckBoxTest" name="clickoncheckbox" time="0.420"/>
  <system-out/>
  <testcase classname="test.CheckBoxTest" name="clickonmobile" time="0.864"/>
  <system-out/>
  <testcase classname="test.CheckBoxTest" name="clickonlaptop" time="1.713"/>
  <system-out/>
  <testcase classname="test.CheckBoxTest" name="clickondesktop" time="0.373"/>
  <system-out/>
</testsuite> <!-- test.CheckBoxTest -->
