<?xml version="1.0" encoding="UTF-8"?>
<!-- Generated by org.testng.reporters.JUnitReportReporter -->
<testsuite hostname="LAPTOP-FUN2M76R" failures="0" tests="8" name="test.SelectMenu_Test" time="21.643" errors="0" timestamp="2024-12-25T16:03:20 IST" skipped="0">
  <testcase classname="test.SelectMenu_Test" name="clickAtClose" time="2.315"/>
  <system-out/>
  <testcase classname="test.SelectMenu_Test" name="clickAtPractice" time="3.852"/>
  <system-out/>
  <testcase classname="test.SelectMenu_Test" name="clickAtWigets" time="2.085"/>
  <system-out/>
  <testcase classname="test.SelectMenu_Test" name="clickAtSelectMenu" time="0.821"/>
  <system-out/>
  <testcase classname="test.SelectMenu_Test" name="clickAtSelectValue" time="3.491"/>
  <system-out/>
  <testcase classname="test.SelectMenu_Test" name="clickAtSelectTitle" time="4.117"/>
  <system-out/>
  <testcase classname="test.SelectMenu_Test" name="clickAtOldStyle" time="0.794"/>
  <system-out/>
  <testcase classname="test.SelectMenu_Test" name="clickAtStdMultiSelect" time="4.168"/>
  <system-out/>
</testsuite> <!-- test.SelectMenu_Test -->
