<?xml version="1.0" encoding="UTF-8"?>
<!-- Generated by org.testng.reporters.JUnitReportReporter -->
<testsuite hostname="LAPTOP-FUN2M76R" failures="0" tests="5" name="test.ResizableTest" time="4.349" errors="0" timestamp="2024-12-25T16:03:21 IST" skipped="0">
  <testcase classname="test.ResizableTest" name="clickAtClose" time="0.336"/>
  <system-out/>
  <testcase classname="test.ResizableTest" name="clickAtPractice" time="2.922"/>
  <system-out/>
  <testcase classname="test.ResizableTest" name="clickAtInteractions" time="0.186"/>
  <system-out/>
  <testcase classname="test.ResizableTest" name="clickAtResizable" time="0.414"/>
  <system-out/>
  <testcase classname="test.ResizableTest" name="ResizeBox" time="0.491"/>
  <system-out/>
</testsuite> <!-- test.ResizableTest -->
