<?xml version="1.0" encoding="UTF-8"?>
<!-- Generated by org.testng.reporters.JUnitReportReporter -->
<testsuite hostname="LAPTOP-FUN2M76R" failures="0" tests="5" name="test.AccordianTest" time="4.333" errors="0" timestamp="2024-12-14T12:33:40 IST" skipped="0">
  <testcase classname="test.AccordianTest" name="clickAtClose" time="0.493"/>
  <system-out/>
  <testcase classname="test.AccordianTest" name="clickAtPractice" time="2.032"/>
  <system-out/>
  <testcase classname="test.AccordianTest" name="clickAtWidgets" time="1.106"/>
  <system-out/>
  <testcase classname="test.AccordianTest" name="clickAtAccordian" time="0.414"/>
  <system-out/>
  <testcase classname="test.AccordianTest" name="clickAtAccordianPara" time="0.288"/>
  <system-out/>
</testsuite> <!-- test.AccordianTest -->
