<?xml version="1.0" encoding="UTF-8"?>
<!-- Generated by org.testng.reporters.JUnitReportReporter -->
<testsuite hostname="LAPTOP-FUN2M76R" failures="0" tests="5" name="test.AutocompleteTest" time="8.382" errors="0" timestamp="2024-12-25T16:03:20 IST" skipped="0">
  <testcase classname="test.AutocompleteTest" name="clickAtClose" time="1.264"/>
  <system-out/>
  <testcase classname="test.AutocompleteTest" name="clickAtPractice" time="5.352"/>
  <system-out/>
  <testcase classname="test.AutocompleteTest" name="clickAtWigets" time="0.382"/>
  <system-out/>
  <testcase classname="test.AutocompleteTest" name="clickAtAutoComplete" time="0.818"/>
  <system-out/>
  <testcase classname="test.AutocompleteTest" name="clickAtAutoCompletetext" time="0.566"/>
  <system-out/>
</testsuite> <!-- test.AutocompleteTest -->
