<?xml version="1.0" encoding="UTF-8"?>
<!-- Generated by org.testng.reporters.JUnitReportReporter -->
<testsuite hostname="LAPTOP-FUN2M76R" failures="0" tests="5" name="test.NestedFrameTest" time="21.031" errors="0" timestamp="2024-12-09T20:44:48 IST" skipped="0">
  <testcase classname="test.NestedFrameTest" name="clickAtClose" time="15.702"/>
  <system-out/>
  <testcase classname="test.NestedFrameTest" name="clickAtPractice" time="3.441"/>
  <system-out/>
  <testcase classname="test.NestedFrameTest" name="clickAtAlertFrameWindow" time="0.377"/>
  <system-out/>
  <testcase classname="test.NestedFrameTest" name="clickAtNestedFrame" time="0.652"/>
  <system-out/>
  <testcase classname="test.NestedFrameTest" name="clickAtParent" time="0.859"/>
  <system-out/>
</testsuite> <!-- test.NestedFrameTest -->
