<?xml version="1.0" encoding="UTF-8"?>
<!-- Generated by org.testng.reporters.JUnitReportReporter -->
<testsuite hostname="LAPTOP-FUN2M76R" failures="0" tests="12" name="test.LinksTest" time="12.450" errors="0" timestamp="2024-12-09T20:44:48 IST" skipped="0">
  <testcase classname="test.LinksTest" name="clickAtClose" time="2.053"/>
  <system-out/>
  <testcase classname="test.LinksTest" name="clickAtPractice" time="2.688"/>
  <system-out/>
  <testcase classname="test.LinksTest" name="clickAtElements" time="0.276"/>
  <system-out/>
  <testcase classname="test.LinksTest" name="clickAtLinks" time="0.430"/>
  <system-out/>
  <testcase classname="test.LinksTest" name="clickAtDemoPage" time="0.963"/>
  <system-out/>
  <testcase classname="test.LinksTest" name="clickNextClose" time="1.547"/>
  <system-out/>
  <testcase classname="test.LinksTest" name="backToPreviousWindow" time="0.302"/>
  <system-out/>
  <testcase classname="test.LinksTest" name="clickAtCreated" time="2.100"/>
  <system-out/>
  <testcase classname="test.LinksTest" name="clickAtNoContant" time="0.906"/>
  <system-out/>
  <testcase classname="test.LinksTest" name="clickAtMoved" time="0.432"/>
  <system-out/>
  <testcase classname="test.LinksTest" name="clickAtRequest" time="0.401"/>
  <system-out/>
  <testcase classname="test.LinksTest" name="clickAtUnauthorized" time="0.352"/>
  <system-out/>
</testsuite> <!-- test.LinksTest -->
