<?xml version="1.0" encoding="UTF-8"?>
<!-- Generated by org.testng.reporters.JUnitReportReporter -->
<testsuite hostname="LAPTOP-FUN2M76R" failures="0" tests="8" name="test.Alerts_Test" time="13.826" errors="0" timestamp="2024-12-25T16:03:21 IST" skipped="0">
  <testcase classname="test.Alerts_Test" name="cllickAtClose" time="0.606"/>
  <system-out/>
  <testcase classname="test.Alerts_Test" name="cllickAtPractice" time="3.561"/>
  <system-out/>
  <testcase classname="test.Alerts_Test" name="cllickAtAlertsFrameWindow" time="0.428"/>
  <system-out/>
  <testcase classname="test.Alerts_Test" name="cllicAtalerts" time="0.926"/>
  <system-out/>
  <testcase classname="test.Alerts_Test" name="cllickAtMyAlerts" time="1.139"/>
  <system-out/>
  <testcase classname="test.Alerts_Test" name="cllickAt5SecAlerts" time="5.939"/>
  <system-out/>
  <testcase classname="test.Alerts_Test" name="cllickAtMyConfirmAlert" time="0.583"/>
  <system-out/>
  <testcase classname="test.Alerts_Test" name="cllickAtMyPrompt" time="0.644"/>
  <system-out/>
</testsuite> <!-- test.Alerts_Test -->
