<?xml version="1.0" encoding="UTF-8"?>
<!-- Generated by org.testng.reporters.JUnitReportReporter -->
<testsuite hostname="LAPTOP-FUN2M76R" failures="0" tests="24" name="test.Links_Test" time="13.445" errors="0" timestamp="2024-11-26T20:06:33 IST" skipped="0">
  <testcase classname="test.Links_Test" name="clickAtClose" time="0.543"/>
  <system-out/>
  <testcase classname="test.Links_Test" name="clickAtClose" time="0.227"/>
  <system-out/>
  <testcase classname="test.Links_Test" name="clickAtPractice" time="3.055"/>
  <system-out/>
  <testcase classname="test.Links_Test" name="clickAtPractice" time="2.389"/>
  <system-out/>
  <testcase classname="test.Links_Test" name="clickAtElements" time="0.112"/>
  <system-out/>
  <testcase classname="test.Links_Test" name="clickAtElements" time="0.140"/>
  <system-out/>
  <testcase classname="test.Links_Test" name="clickAtLinks" time="0.358"/>
  <system-out/>
  <testcase classname="test.Links_Test" name="clickAtLinks" time="0.424"/>
  <system-out/>
  <testcase classname="test.Links_Test" name="clickAtDemoPage" time="0.520"/>
  <system-out/>
  <testcase classname="test.Links_Test" name="clickAtDemoPage" time="0.235"/>
  <system-out/>
  <testcase classname="test.Links_Test" name="clickNextClose" time="1.200"/>
  <system-out/>
  <testcase classname="test.Links_Test" name="clickNextClose" time="1.851"/>
  <system-out/>
  <testcase classname="test.Links_Test" name="backToPreviousWindow" time="0.086"/>
  <system-out/>
  <testcase classname="test.Links_Test" name="backToPreviousWindow" time="0.294"/>
  <system-out/>
  <testcase classname="test.Links_Test" name="clickAtCreated" time="0.244"/>
  <system-out/>
  <testcase classname="test.Links_Test" name="clickAtCreated" time="0.267"/>
  <system-out/>
  <testcase classname="test.Links_Test" name="clickAtNoContant" time="0.173"/>
  <system-out/>
  <testcase classname="test.Links_Test" name="clickAtNoContant" time="0.213"/>
  <system-out/>
  <testcase classname="test.Links_Test" name="clickAtMoved" time="0.190"/>
  <system-out/>
  <testcase classname="test.Links_Test" name="clickAtMoved" time="0.170"/>
  <system-out/>
  <testcase classname="test.Links_Test" name="clickAtRequest" time="0.190"/>
  <system-out/>
  <testcase classname="test.Links_Test" name="clickAtRequest" time="0.137"/>
  <system-out/>
  <testcase classname="test.Links_Test" name="clickAtUnauthorized" time="0.130"/>
  <system-out/>
  <testcase classname="test.Links_Test" name="clickAtUnauthorized" time="0.297"/>
  <system-out/>
</testsuite> <!-- test.Links_Test -->
