<?xml version="1.0" encoding="UTF-8"?>
<!-- Generated by org.testng.reporters.JUnitReportReporter -->
<testsuite hostname="LAPTOP-FUN2M76R" failures="0" tests="7" name="test.TabsTest" time="3.686" errors="0" timestamp="2024-12-25T16:03:21 IST" skipped="0">
  <testcase classname="test.TabsTest" name="clickAtClose" time="0.700"/>
  <system-out/>
  <testcase classname="test.TabsTest" name="clickAtPractice" time="1.882"/>
  <system-out/>
  <testcase classname="test.TabsTest" name="clickAtWigets" time="0.211"/>
  <system-out/>
  <testcase classname="test.TabsTest" name="clickAtTab" time="0.340"/>
  <system-out/>
  <testcase classname="test.TabsTest" name="clickAtTab1" time="0.281"/>
  <system-out/>
  <testcase classname="test.TabsTest" name="clickAtTab2" time="0.121"/>
  <system-out/>
  <testcase classname="test.TabsTest" name="clickAtTab3" time="0.151"/>
  <system-out/>
</testsuite> <!-- test.TabsTest -->
