<?xml version="1.0" encoding="UTF-8"?>
<!-- Generated by org.testng.reporters.JUnitReportReporter -->
<testsuite hostname="LAPTOP-FUN2M76R" failures="0" tests="5" name="test.AutocompleteTest" time="6.759" errors="0" timestamp="2024-12-13T22:13:04 IST" skipped="0">
  <testcase classname="test.AutocompleteTest" name="clickAtClose" time="0.820"/>
  <system-out/>
  <testcase classname="test.AutocompleteTest" name="clickAtPractice" time="3.334"/>
  <system-out/>
  <testcase classname="test.AutocompleteTest" name="clickAtWigets" time="0.859"/>
  <system-out/>
  <testcase classname="test.AutocompleteTest" name="clickAtAutoComplete" time="0.458"/>
  <system-out/>
  <testcase classname="test.AutocompleteTest" name="clickAtAutoCompletetext" time="1.288"/>
  <system-out/>
</testsuite> <!-- test.AutocompleteTest -->
