<?xml version="1.0" encoding="UTF-8"?>
<!-- Generated by org.testng.reporters.JUnitReportReporter -->
<testsuite hostname="LAPTOP-FUN2M76R" failures="0" tests="6" name="test.ToolTipTest" time="4.620" errors="0" timestamp="2024-12-11T18:27:23 IST" skipped="0">
  <testcase classname="test.ToolTipTest" name="clickAtClose" time="0.510"/>
  <system-out/>
  <testcase classname="test.ToolTipTest" name="clickAtPractice" time="1.945"/>
  <system-out/>
  <testcase classname="test.ToolTipTest" name="clickAtWigets" time="0.955"/>
  <system-out/>
  <testcase classname="test.ToolTipTest" name="clickAtToolTip" time="0.377"/>
  <system-out/>
  <testcase classname="test.ToolTipTest" name="clickAtToolTip1" time="0.370"/>
  <system-out/>
  <testcase classname="test.ToolTipTest" name="clickAtToolTip2" time="0.463"/>
  <system-out/>
</testsuite> <!-- test.ToolTipTest -->
