<?xml version="1.0" encoding="UTF-8"?>
<!-- Generated by org.testng.reporters.JUnitReportReporter -->
<testsuite hostname="LAPTOP-FUN2M76R" failures="0" tests="5" name="test.Slider_Test" time="5.965" errors="0" timestamp="2024-12-13T15:49:23 IST" skipped="0">
  <testcase classname="test.Slider_Test" name="clickAtClose" time="0.678"/>
  <system-out/>
  <testcase classname="test.Slider_Test" name="clickAtPractice" time="3.582"/>
  <system-out/>
  <testcase classname="test.Slider_Test" name="clickAtWigets" time="0.449"/>
  <system-out/>
  <testcase classname="test.Slider_Test" name="clickAtSlider" time="0.519"/>
  <system-out/>
  <testcase classname="test.Slider_Test" name="clickAtSliderBar" time="0.737"/>
  <system-out/>
</testsuite> <!-- test.Slider_Test -->
