<?xml version="1.0" encoding="UTF-8"?>
<!-- Generated by org.testng.reporters.JUnitReportReporter -->
<testsuite hostname="LAPTOP-FUN2M76R" failures="0" tests="6" name="test.Upload_DownloadTest" time="56.163" errors="0" timestamp="2024-12-09T20:44:48 IST" skipped="0">
  <testcase classname="test.Upload_DownloadTest" name="clickAtClose" time="6.581"/>
  <system-out/>
  <testcase classname="test.Upload_DownloadTest" name="clickAtPractice" time="29.108"/>
  <system-out/>
  <testcase classname="test.Upload_DownloadTest" name="clickAtElements" time="2.551"/>
  <system-out/>
  <testcase classname="test.Upload_DownloadTest" name="clickAtUploads" time="7.856"/>
  <system-out/>
  <testcase classname="test.Upload_DownloadTest" name="clickAtChose" time="7.897"/>
  <system-out/>
  <testcase classname="test.Upload_DownloadTest" name="uploadDoc" time="2.170"/>
  <system-out/>
</testsuite> <!-- test.Upload_DownloadTest -->
