<?xml version="1.0" encoding="UTF-8"?>
<!-- Generated by org.testng.reporters.JUnitReportReporter -->
<testsuite hostname="LAPTOP-FUN2M76R" failures="0" tests="8" name="test.ParellelTesting$edge" time="10.031" errors="0" timestamp="2024-12-25T16:03:21 IST" skipped="0">
  <testcase classname="test.ParellelTesting$edge" name="clickonClose" time="4.615"/>
  <system-out/>
  <testcase classname="test.ParellelTesting$edge" name="clickonPractice" time="3.341"/>
  <system-out/>
  <testcase classname="test.ParellelTesting$edge" name="clickonElement" time="0.353"/>
  <system-out/>
  <testcase classname="test.ParellelTesting$edge" name="clickonbuttons" time="0.195"/>
  <system-out/>
  <testcase classname="test.ParellelTesting$edge" name="clickonDoubleclick" time="0.191"/>
  <system-out/>
  <testcase classname="test.ParellelTesting$edge" name="clickonRightclick" time="0.619"/>
  <system-out/>
  <testcase classname="test.ParellelTesting$edge" name="clickonClickme" time="0.272"/>
  <system-out/>
  <testcase classname="test.ParellelTesting$edge" name="buttonsvalidate" time="0.445"/>
  <system-out/>
</testsuite> <!-- test.ParellelTesting$edge -->
