<?xml version="1.0" encoding="UTF-8"?>
<!-- Generated by org.testng.reporters.JUnitReportReporter -->
<testsuite hostname="LAPTOP-FUN2M76R" failures="0" tests="1" name="test.BrokenImageTest" time="3.751" errors="0" timestamp="2024-12-25T12:57:38 IST" skipped="0">
  <testcase classname="test.BrokenImageTest" name="veryfyImageLink" time="3.751"/>
  <system-out/>
</testsuite> <!-- test.BrokenImageTest -->
