<?xml version="1.0" encoding="UTF-8"?>
<!-- Generated by org.testng.reporters.JUnitReportReporter -->
<testsuite hostname="LAPTOP-FUN2M76R" failures="0" tests="5" name="test.DroppableTest" time="4.059" errors="0" timestamp="2024-12-25T16:17:33 IST" skipped="0">
  <testcase classname="test.DroppableTest" name="clickAtClose" time="0.495"/>
  <system-out/>
  <testcase classname="test.DroppableTest" name="clickAtPractice" time="2.151"/>
  <system-out/>
  <testcase classname="test.DroppableTest" name="clickAtInteractions" time="0.274"/>
  <system-out/>
  <testcase classname="test.DroppableTest" name="clickAtDragable" time="0.526"/>
  <system-out/>
  <testcase classname="test.DroppableTest" name="imageToDiv" time="0.613"/>
  <system-out/>
</testsuite> <!-- test.DroppableTest -->
