<?xml version="1.0" encoding="UTF-8"?>
<!-- Generated by org.testng.reporters.JUnitReportReporter -->
<testsuite hostname="LAPTOP-FUN2M76R" failures="0" tests="8" name="test.SelectMenu_Test" time="6.626" errors="0" timestamp="2024-12-11T17:43:15 IST" skipped="0">
  <testcase classname="test.SelectMenu_Test" name="clickAtClose" time="0.595"/>
  <system-out/>
  <testcase classname="test.SelectMenu_Test" name="clickAtPractice" time="2.523"/>
  <system-out/>
  <testcase classname="test.SelectMenu_Test" name="clickAtWigets" time="0.396"/>
  <system-out/>
  <testcase classname="test.SelectMenu_Test" name="clickAtSelectMenu" time="0.459"/>
  <system-out/>
  <testcase classname="test.SelectMenu_Test" name="clickAtSelectValue" time="0.439"/>
  <system-out/>
  <testcase classname="test.SelectMenu_Test" name="clickAtSelectTitle" time="0.434"/>
  <system-out/>
  <testcase classname="test.SelectMenu_Test" name="clickAtOldStyle" time="0.363"/>
  <system-out/>
  <testcase classname="test.SelectMenu_Test" name="clickAtStdMultiSelect" time="1.417"/>
  <system-out/>
</testsuite> <!-- test.SelectMenu_Test -->
