<?xml version="1.0" encoding="UTF-8"?>
<!-- Generated by org.testng.reporters.JUnitReportReporter -->
<testsuite hostname="LAPTOP-FUN2M76R" failures="0" tests="8" name="test.WebTableTestDataProvider" time="9.743" errors="0" timestamp="2024-12-18T23:34:06 IST" skipped="0">
  <testcase classname="test.WebTableTestDataProvider" name="clickonclose" time="1.572"/>
  <system-out/>
  <testcase classname="test.WebTableTestDataProvider" name="clickonpractice" time="2.464"/>
  <system-out/>
  <testcase classname="test.WebTableTestDataProvider" name="clickonelement" time="0.680"/>
  <system-out/>
  <testcase classname="test.WebTableTestDataProvider" name="clickonwebtables" time="0.328"/>
  <system-out/>
  <testcase classname="test.WebTableTestDataProvider" name="clickonfilldetailes" time="0.754"/>
  <system-out/>
  <testcase classname="test.WebTableTestDataProvider" name="clickonfilldetailes" time="1.854"/>
  <system-out/>
  <testcase classname="test.WebTableTestDataProvider" name="clickonfilldetailes" time="1.001"/>
  <system-out/>
  <testcase classname="test.WebTableTestDataProvider" name="clickonfilldetailes" time="1.090"/>
  <system-out/>
</testsuite> <!-- test.WebTableTestDataProvider -->
