<?xml version="1.0" encoding="UTF-8"?>
<!-- Generated by org.testng.reporters.JUnitReportReporter -->
<testsuite hostname="LAPTOP-FUN2M76R" failures="0" tests="6" name="test.Menu_Test" time="8.112" errors="0" timestamp="2024-12-25T16:14:47 IST" skipped="0">
  <testcase classname="test.Menu_Test" name="clickAtClose" time="0.691"/>
  <system-out/>
  <testcase classname="test.Menu_Test" name="clickAtPractice" time="5.590"/>
  <system-out/>
  <testcase classname="test.Menu_Test" name="clickAtWigets" time="0.476"/>
  <system-out/>
  <testcase classname="test.Menu_Test" name="clickAtMenu" time="0.703"/>
  <system-out/>
  <testcase classname="test.Menu_Test" name="clickAtSelectMenue" time="0.467"/>
  <system-out/>
  <testcase classname="test.Menu_Test" name="clickAtBlog" time="0.185"/>
  <system-out/>
</testsuite> <!-- test.Menu_Test -->
