<?xml version="1.0" encoding="UTF-8"?>
<!-- Generated by org.testng.reporters.JUnitReportReporter -->
<testsuite hostname="LAPTOP-FUN2M76R" failures="0" tests="8" name="test.ButtonsTest" time="13.951" errors="0" timestamp="2024-12-09T20:44:48 IST" skipped="0">
  <testcase classname="test.ButtonsTest" name="clickonClose" time="0.813"/>
  <system-out/>
  <testcase classname="test.ButtonsTest" name="clickonPractice" time="5.265"/>
  <system-out/>
  <testcase classname="test.ButtonsTest" name="clickonElement" time="0.446"/>
  <system-out/>
  <testcase classname="test.ButtonsTest" name="clickonbuttons" time="0.391"/>
  <system-out/>
  <testcase classname="test.ButtonsTest" name="clickonDoubleclick" time="4.821"/>
  <system-out/>
  <testcase classname="test.ButtonsTest" name="clickonRightclick" time="0.854"/>
  <system-out/>
  <testcase classname="test.ButtonsTest" name="clickonClickme" time="0.555"/>
  <system-out/>
  <testcase classname="test.ButtonsTest" name="buttonsvalidate" time="0.806"/>
  <system-out/>
</testsuite> <!-- test.ButtonsTest -->
