<?xml version="1.0" encoding="UTF-8"?>
<!-- Generated by org.testng.reporters.JUnitReportReporter -->
<testsuite hostname="LAPTOP-FUN2M76R" failures="0" tests="6" name="test.ToolTipTest" time="5.084" errors="0" timestamp="2024-12-25T16:03:21 IST" skipped="0">
  <testcase classname="test.ToolTipTest" name="clickAtClose" time="0.597"/>
  <system-out/>
  <testcase classname="test.ToolTipTest" name="clickAtPractice" time="2.931"/>
  <system-out/>
  <testcase classname="test.ToolTipTest" name="clickAtWigets" time="0.293"/>
  <system-out/>
  <testcase classname="test.ToolTipTest" name="clickAtToolTip" time="0.500"/>
  <system-out/>
  <testcase classname="test.ToolTipTest" name="clickAtToolTip1" time="0.532"/>
  <system-out/>
  <testcase classname="test.ToolTipTest" name="clickAtToolTip2" time="0.231"/>
  <system-out/>
</testsuite> <!-- test.ToolTipTest -->
