<?xml version="1.0" encoding="UTF-8"?>
<!-- Generated by org.testng.reporters.JUnitReportReporter -->
<testsuite hostname="LAPTOP-FUN2M76R" failures="0" tests="8" name="test.ButtonsTest" time="5.191" errors="0" timestamp="2024-12-25T16:03:20 IST" skipped="0">
  <testcase classname="test.ButtonsTest" name="clickonClose" time="0.738"/>
  <system-out/>
  <testcase classname="test.ButtonsTest" name="clickonPractice" time="2.750"/>
  <system-out/>
  <testcase classname="test.ButtonsTest" name="clickonElement" time="0.124"/>
  <system-out/>
  <testcase classname="test.ButtonsTest" name="clickonbuttons" time="0.369"/>
  <system-out/>
  <testcase classname="test.ButtonsTest" name="clickonDoubleclick" time="0.341"/>
  <system-out/>
  <testcase classname="test.ButtonsTest" name="clickonRightclick" time="0.265"/>
  <system-out/>
  <testcase classname="test.ButtonsTest" name="clickonClickme" time="0.234"/>
  <system-out/>
  <testcase classname="test.ButtonsTest" name="buttonsvalidate" time="0.370"/>
  <system-out/>
</testsuite> <!-- test.ButtonsTest -->
