<?xml version="1.0" encoding="UTF-8"?>
<!-- Generated by org.testng.reporters.JUnitReportReporter -->
<testsuite hostname="LAPTOP-FUN2M76R" failures="0" tests="5" name="test.NestedFrameTest" time="12.600" errors="0" timestamp="2024-12-25T16:03:21 IST" skipped="0">
  <testcase classname="test.NestedFrameTest" name="clickAtClose" time="4.300"/>
  <system-out/>
  <testcase classname="test.NestedFrameTest" name="clickAtPractice" time="5.054"/>
  <system-out/>
  <testcase classname="test.NestedFrameTest" name="clickAtAlertFrameWindow" time="0.852"/>
  <system-out/>
  <testcase classname="test.NestedFrameTest" name="clickAtNestedFrame" time="0.706"/>
  <system-out/>
  <testcase classname="test.NestedFrameTest" name="clickAtParent" time="1.688"/>
  <system-out/>
</testsuite> <!-- test.NestedFrameTest -->
