<?xml version="1.0" encoding="UTF-8"?>
<!-- Generated by org.testng.reporters.JUnitReportReporter -->
<testsuite hostname="LAPTOP-FUN2M76R" failures="0" tests="7" name="test.BrowserWindowTest" time="5.688" errors="0" timestamp="2024-12-17T20:42:49 IST" skipped="0">
  <testcase classname="test.BrowserWindowTest" name="cllickAtClose" time="0.467"/>
  <system-out/>
  <testcase classname="test.BrowserWindowTest" name="cllickAtPractice" time="1.904"/>
  <system-out/>
  <testcase classname="test.BrowserWindowTest" name="cllickAtAlertsFrameWindow" time="0.317"/>
  <system-out/>
  <testcase classname="test.BrowserWindowTest" name="cllickAtBrowserWindows" time="0.404"/>
  <system-out/>
  <testcase classname="test.BrowserWindowTest" name="cllickAtNewTab" time="0.836"/>
  <system-out/>
  <testcase classname="test.BrowserWindowTest" name="clickAtNewWindow" time="0.805"/>
  <system-out/>
  <testcase classname="test.BrowserWindowTest" name="clickAtNewWindowMsg" time="0.955"/>
  <system-out/>
</testsuite> <!-- test.BrowserWindowTest -->
