<?xml version="1.0" encoding="UTF-8"?>
<!-- Generated by org.testng.reporters.JUnitReportReporter -->
<testsuite hostname="LAPTOP-FUN2M76R" failures="0" tests="6" name="test.ProgressBarTest" time="7.583" errors="0" timestamp="2024-12-16T12:45:40 IST" skipped="0">
  <testcase classname="test.ProgressBarTest" name="clickAtClose" time="1.061"/>
  <system-out/>
  <testcase classname="test.ProgressBarTest" name="clickAtPractice" time="2.801"/>
  <system-out/>
  <testcase classname="test.ProgressBarTest" name="clickAtWigets" time="0.673"/>
  <system-out/>
  <testcase classname="test.ProgressBarTest" name="clickAtProgressBar" time="0.697"/>
  <system-out/>
  <testcase classname="test.ProgressBarTest" name="clickAtStrtBtn" time="0.892"/>
  <system-out/>
  <testcase classname="test.ProgressBarTest" name="ProgressBar" time="1.459"/>
  <system-out/>
</testsuite> <!-- test.ProgressBarTest -->
