<?xml version="1.0" encoding="UTF-8"?>
<!-- Generated by org.testng.reporters.JUnitReportReporter -->
<testsuite hostname="LAPTOP-FUN2M76R" failures="0" tests="8" name="test.Alerts_Test" time="22.789" errors="0" timestamp="2024-12-09T20:44:48 IST" skipped="0">
  <testcase classname="test.Alerts_Test" name="cllickAtClose" time="1.073"/>
  <system-out/>
  <testcase classname="test.Alerts_Test" name="cllickAtPractice" time="6.531"/>
  <system-out/>
  <testcase classname="test.Alerts_Test" name="cllickAtAlertsFrameWindow" time="0.572"/>
  <system-out/>
  <testcase classname="test.Alerts_Test" name="cllicAtalerts" time="3.725"/>
  <system-out/>
  <testcase classname="test.Alerts_Test" name="cllickAtMyAlerts" time="1.354"/>
  <system-out/>
  <testcase classname="test.Alerts_Test" name="cllickAt5SecAlerts" time="7.359"/>
  <system-out/>
  <testcase classname="test.Alerts_Test" name="cllickAtMyConfirmAlert" time="1.234"/>
  <system-out/>
  <testcase classname="test.Alerts_Test" name="cllickAtMyPrompt" time="0.941"/>
  <system-out/>
</testsuite> <!-- test.Alerts_Test -->
