<?xml version="1.0" encoding="UTF-8"?>
<!-- Generated by org.testng.reporters.JUnitReportReporter -->
<testsuite hostname="LAPTOP-FUN2M76R" failures="0" tests="6" name="test.DatePickerTest" time="5.910" errors="0" timestamp="2024-12-25T16:03:21 IST" skipped="0">
  <testcase classname="test.DatePickerTest" name="clickAtClose" time="0.472"/>
  <system-out/>
  <testcase classname="test.DatePickerTest" name="clickAtPractice" time="3.659"/>
  <system-out/>
  <testcase classname="test.DatePickerTest" name="clickAtWigets" time="0.372"/>
  <system-out/>
  <testcase classname="test.DatePickerTest" name="clickAtDatePicker" time="0.569"/>
  <system-out/>
  <testcase classname="test.DatePickerTest" name="clickAtDate" time="0.434"/>
  <system-out/>
  <testcase classname="test.DatePickerTest" name="clickAtDateTime" time="0.404"/>
  <system-out/>
</testsuite> <!-- test.DatePickerTest -->
