<?xml version="1.0" encoding="UTF-8"?>
<!-- Generated by org.testng.reporters.JUnitReportReporter -->
<testsuite hostname="LAPTOP-FUN2M76R" failures="0" tests="5" name="test.DroppableTest" time="4.831" errors="0" timestamp="2024-12-14T00:10:11 IST" skipped="0">
  <testcase classname="test.DroppableTest" name="clickAtClose" time="0.654"/>
  <system-out/>
  <testcase classname="test.DroppableTest" name="clickAtPractice" time="2.738"/>
  <system-out/>
  <testcase classname="test.DroppableTest" name="clickAtInteractions" time="0.291"/>
  <system-out/>
  <testcase classname="test.DroppableTest" name="clickAtDragable" time="0.478"/>
  <system-out/>
  <testcase classname="test.DroppableTest" name="imageToDiv" time="0.670"/>
  <system-out/>
</testsuite> <!-- test.DroppableTest -->
