<?xml version="1.0" encoding="UTF-8"?>
<!-- Generated by org.testng.reporters.JUnitReportReporter -->
<testsuite hostname="LAPTOP-FUN2M76R" failures="0" tests="7" name="test.TabsTest" time="5.745" errors="0" timestamp="2024-12-11T18:37:20 IST" skipped="0">
  <testcase classname="test.TabsTest" name="clickAtClose" time="0.466"/>
  <system-out/>
  <testcase classname="test.TabsTest" name="clickAtPractice" time="2.817"/>
  <system-out/>
  <testcase classname="test.TabsTest" name="clickAtWigets" time="0.325"/>
  <system-out/>
  <testcase classname="test.TabsTest" name="clickAtTab" time="0.434"/>
  <system-out/>
  <testcase classname="test.TabsTest" name="clickAtTab1" time="0.250"/>
  <system-out/>
  <testcase classname="test.TabsTest" name="clickAtTab2" time="0.380"/>
  <system-out/>
  <testcase classname="test.TabsTest" name="clickAtTab3" time="1.073"/>
  <system-out/>
</testsuite> <!-- test.TabsTest -->
