<?xml version="1.0" encoding="UTF-8"?>
<!-- Generated by org.testng.reporters.JUnitReportReporter -->
<testsuite hostname="LAPTOP-FUN2M76R" failures="0" tests="5" name="test.SoratbleTest" time="6.282" errors="0" timestamp="2024-12-25T16:03:21 IST" skipped="0">
  <testcase classname="test.SoratbleTest" name="clickAtClose" time="0.465"/>
  <system-out/>
  <testcase classname="test.SoratbleTest" name="clickAtPractice" time="2.103"/>
  <system-out/>
  <testcase classname="test.SoratbleTest" name="clickAtInteractions" time="0.237"/>
  <system-out/>
  <testcase classname="test.SoratbleTest" name="clickAtSortable" time="0.407"/>
  <system-out/>
  <testcase classname="test.SoratbleTest" name="clickAtCities" time="3.070"/>
  <system-out/>
</testsuite> <!-- test.SoratbleTest -->
