<?xml version="1.0" encoding="UTF-8"?>
<!-- Generated by org.testng.reporters.JUnitReportReporter -->
<testsuite hostname="LAPTOP-FUN2M76R" failures="0" tests="12" name="test.LinksTest" time="13.352" errors="0" timestamp="2024-12-25T16:03:20 IST" skipped="0">
  <testcase classname="test.LinksTest" name="clickAtClose" time="0.656"/>
  <system-out/>
  <testcase classname="test.LinksTest" name="clickAtPractice" time="3.114"/>
  <system-out/>
  <testcase classname="test.LinksTest" name="clickAtElements" time="0.181"/>
  <system-out/>
  <testcase classname="test.LinksTest" name="clickAtLinks" time="0.441"/>
  <system-out/>
  <testcase classname="test.LinksTest" name="clickAtDemoPage" time="0.685"/>
  <system-out/>
  <testcase classname="test.LinksTest" name="clickNextClose" time="4.660"/>
  <system-out/>
  <testcase classname="test.LinksTest" name="backToPreviousWindow" time="0.213"/>
  <system-out/>
  <testcase classname="test.LinksTest" name="clickAtCreated" time="1.111"/>
  <system-out/>
  <testcase classname="test.LinksTest" name="clickAtNoContant" time="0.560"/>
  <system-out/>
  <testcase classname="test.LinksTest" name="clickAtMoved" time="0.617"/>
  <system-out/>
  <testcase classname="test.LinksTest" name="clickAtRequest" time="0.523"/>
  <system-out/>
  <testcase classname="test.LinksTest" name="clickAtUnauthorized" time="0.591"/>
  <system-out/>
</testsuite> <!-- test.LinksTest -->
