<?xml version="1.0" encoding="UTF-8"?>
<!-- Generated by org.testng.reporters.JUnitReportReporter -->
<testsuite hostname="LAPTOP-FUN2M76R" failures="0" tests="5" name="test.ResizableTest" time="4.844" errors="0" timestamp="2024-12-14T00:47:02 IST" skipped="0">
  <testcase classname="test.ResizableTest" name="clickAtClose" time="0.510"/>
  <system-out/>
  <testcase classname="test.ResizableTest" name="clickAtPractice" time="2.538"/>
  <system-out/>
  <testcase classname="test.ResizableTest" name="clickAtInteractions" time="1.116"/>
  <system-out/>
  <testcase classname="test.ResizableTest" name="clickAtResizable" time="0.389"/>
  <system-out/>
  <testcase classname="test.ResizableTest" name="ResizeBox" time="0.291"/>
  <system-out/>
</testsuite> <!-- test.ResizableTest -->
