<?xml version="1.0" encoding="UTF-8"?>
<!-- Generated by org.testng.reporters.JUnitReportReporter -->
<testsuite hostname="LAPTOP-FUN2M76R" failures="0" tests="7" name="test.RadioButtonsTest" time="7.153" errors="0" timestamp="2024-12-09T20:44:48 IST" skipped="0">
  <testcase classname="test.RadioButtonsTest" name="clickonclose" time="0.582"/>
  <system-out/>
  <testcase classname="test.RadioButtonsTest" name="clickonpractice" time="2.427"/>
  <system-out/>
  <testcase classname="test.RadioButtonsTest" name="clickonelements" time="0.335"/>
  <system-out/>
  <testcase classname="test.RadioButtonsTest" name="clickonradiobuttons" time="0.356"/>
  <system-out/>
  <testcase classname="test.RadioButtonsTest" name="clickonyesbuttons" time="0.604"/>
  <system-out/>
  <testcase classname="test.RadioButtonsTest" name="clickonimpressivebuttons" time="0.449"/>
  <system-out/>
  <testcase classname="test.RadioButtonsTest" name="clickonnobuttons" time="2.400"/>
  <system-out/>
</testsuite> <!-- test.RadioButtonsTest -->
