<?xml version="1.0" encoding="UTF-8"?>
<!-- Generated by org.testng.reporters.JUnitReportReporter -->
<testsuite hostname="LAPTOP-FUN2M76R" failures="0" tests="8" name="test.SelectableTest" time="5.984" errors="0" timestamp="2024-12-14T15:11:20 IST" skipped="0">
  <testcase classname="test.SelectableTest" name="clickAtClose" time="0.930"/>
  <system-out/>
  <testcase classname="test.SelectableTest" name="clickAtPractice" time="2.188"/>
  <system-out/>
  <testcase classname="test.SelectableTest" name="clickAtInteractions" time="0.317"/>
  <system-out/>
  <testcase classname="test.SelectableTest" name="clickAtSelectable" time="0.485"/>
  <system-out/>
  <testcase classname="test.SelectableTest" name="clickAtSelectableList" time="0.383"/>
  <system-out/>
  <testcase classname="test.SelectableTest" name="clickAtSelectableListItem" time="0.397"/>
  <system-out/>
  <testcase classname="test.SelectableTest" name="clickAtSelectableGrid" time="0.878"/>
  <system-out/>
  <testcase classname="test.SelectableTest" name="clickAtSelectableGridItem" time="0.406"/>
  <system-out/>
</testsuite> <!-- test.SelectableTest -->
