<?xml version="1.0" encoding="UTF-8"?>
<!-- Generated by org.testng.reporters.JUnitReportReporter -->
<testsuite hostname="LAPTOP-FUN2M76R" failures="0" tests="5" name="test.AccordianTest" time="4.932" errors="0" timestamp="2024-12-25T16:03:20 IST" skipped="0">
  <testcase classname="test.AccordianTest" name="clickAtClose" time="0.796"/>
  <system-out/>
  <testcase classname="test.AccordianTest" name="clickAtPractice" time="2.984"/>
  <system-out/>
  <testcase classname="test.AccordianTest" name="clickAtWidgets" time="0.350"/>
  <system-out/>
  <testcase classname="test.AccordianTest" name="clickAtAccordian" time="0.542"/>
  <system-out/>
  <testcase classname="test.AccordianTest" name="clickAtAccordianPara" time="0.260"/>
  <system-out/>
</testsuite> <!-- test.AccordianTest -->
