<?xml version="1.0" encoding="UTF-8"?>
<!-- Generated by org.testng.reporters.JUnitReportReporter -->
<testsuite hostname="LAPTOP-FUN2M76R" failures="0" tests="5" name="test.DragableTest" time="9.210" errors="0" timestamp="2024-12-25T16:03:21 IST" skipped="0">
  <testcase classname="test.DragableTest" name="clickAtClose" time="0.626"/>
  <system-out/>
  <testcase classname="test.DragableTest" name="clickAtPractice" time="4.278"/>
  <system-out/>
  <testcase classname="test.DragableTest" name="clickAtInteractions" time="0.545"/>
  <system-out/>
  <testcase classname="test.DragableTest" name="clickAtDragable" time="1.936"/>
  <system-out/>
  <testcase classname="test.DragableTest" name="clickAtDrag" time="1.825"/>
  <system-out/>
</testsuite> <!-- test.DragableTest -->
