<?xml version="1.0" encoding="UTF-8"?>
<!-- Generated by org.testng.reporters.JUnitReportReporter -->
<testsuite hostname="LAPTOP-FUN2M76R" failures="0" tests="6" name="test.ModalDialogsTest" time="8.525" errors="0" timestamp="2024-12-25T16:03:20 IST" skipped="0">
  <testcase classname="test.ModalDialogsTest" name="clickAtClose" time="0.357"/>
  <system-out/>
  <testcase classname="test.ModalDialogsTest" name="clickAtPractice" time="2.516"/>
  <system-out/>
  <testcase classname="test.ModalDialogsTest" name="clickAtAlertFrameWindow" time="0.457"/>
  <system-out/>
  <testcase classname="test.ModalDialogsTest" name="clickAtModalDialogs" time="0.523"/>
  <system-out/>
  <testcase classname="test.ModalDialogsTest" name="clickAtOnSmallModal" time="2.355"/>
  <system-out/>
  <testcase classname="test.ModalDialogsTest" name="clickAtLargeModal" time="2.317"/>
  <system-out/>
</testsuite> <!-- test.ModalDialogsTest -->
