<?xml version="1.0" encoding="UTF-8"?>
<!-- Generated by org.testng.reporters.JUnitReportReporter -->
<testsuite hostname="LAPTOP-FUN2M76R" failures="0" tests="7" name="test.BrowserWindowTest" time="26.002" errors="0" timestamp="2024-12-25T16:03:20 IST" skipped="0">
  <testcase classname="test.BrowserWindowTest" name="cllickAtClose" time="0.415"/>
  <system-out/>
  <testcase classname="test.BrowserWindowTest" name="cllickAtPractice" time="3.542"/>
  <system-out/>
  <testcase classname="test.BrowserWindowTest" name="cllickAtAlertsFrameWindow" time="0.553"/>
  <system-out/>
  <testcase classname="test.BrowserWindowTest" name="cllickAtBrowserWindows" time="0.653"/>
  <system-out/>
  <testcase classname="test.BrowserWindowTest" name="cllickAtNewTab" time="4.623"/>
  <system-out/>
  <testcase classname="test.BrowserWindowTest" name="clickAtNewWindow" time="1.015"/>
  <system-out/>
  <testcase classname="test.BrowserWindowTest" name="clickAtNewWindowMsg" time="15.201"/>
  <system-out/>
</testsuite> <!-- test.BrowserWindowTest -->
