<?xml version="1.0" encoding="UTF-8"?>
<!-- Generated by org.testng.reporters.JUnitReportReporter -->
<testsuite hostname="LAPTOP-FUN2M76R" failures="0" tests="7" name="test.BrowserWindowTest" time="5.964" errors="0" timestamp="2024-12-02T20:38:47 IST" skipped="0">
  <testcase classname="test.BrowserWindowTest" name="cllickAtClose" time="0.637"/>
  <system-out/>
  <testcase classname="test.BrowserWindowTest" name="cllickAtPractice" time="2.474"/>
  <system-out/>
  <testcase classname="test.BrowserWindowTest" name="cllickAtAlertsFrameWindow" time="0.273"/>
  <system-out/>
  <testcase classname="test.BrowserWindowTest" name="cllickAtBrowserWindows" time="0.514"/>
  <system-out/>
  <testcase classname="test.BrowserWindowTest" name="cllickAtNewTab" time="0.623"/>
  <system-out/>
  <testcase classname="test.BrowserWindowTest" name="clickAtNewWindow" time="0.600"/>
  <system-out/>
  <testcase classname="test.BrowserWindowTest" name="clickAtNewWindowMsg" time="0.843"/>
  <system-out/>
</testsuite> <!-- test.BrowserWindowTest -->
