<?xml version="1.0" encoding="UTF-8"?>
<!-- Generated by org.testng.reporters.JUnitReportReporter -->
<testsuite hostname="LAPTOP-FUN2M76R" failures="0" tests="6" name="test.DatePickerTest" time="4.552" errors="0" timestamp="2024-12-13T20:57:20 IST" skipped="0">
  <testcase classname="test.DatePickerTest" name="clickAtClose" time="0.565"/>
  <system-out/>
  <testcase classname="test.DatePickerTest" name="clickAtPractice" time="2.097"/>
  <system-out/>
  <testcase classname="test.DatePickerTest" name="clickAtWigets" time="0.327"/>
  <system-out/>
  <testcase classname="test.DatePickerTest" name="clickAtDatePicker" time="0.432"/>
  <system-out/>
  <testcase classname="test.DatePickerTest" name="clickAtDate" time="0.425"/>
  <system-out/>
  <testcase classname="test.DatePickerTest" name="clickAtDateTime" time="0.706"/>
  <system-out/>
</testsuite> <!-- test.DatePickerTest -->
