<?xml version="1.0" encoding="UTF-8"?>
<!-- Generated by org.testng.reporters.JUnitReportReporter -->
<testsuite hostname="LAPTOP-FUN2M76R" failures="0" tests="5" name="test.DragableTest" time="5.257" errors="0" timestamp="2024-12-13T23:06:10 IST" skipped="0">
  <testcase classname="test.DragableTest" name="clickAtClose" time="0.730"/>
  <system-out/>
  <testcase classname="test.DragableTest" name="clickAtPractice" time="2.669"/>
  <system-out/>
  <testcase classname="test.DragableTest" name="clickAtInteractions" time="0.444"/>
  <system-out/>
  <testcase classname="test.DragableTest" name="clickAtDragable" time="0.539"/>
  <system-out/>
  <testcase classname="test.DragableTest" name="clickAtDrag" time="0.875"/>
  <system-out/>
</testsuite> <!-- test.DragableTest -->
