<?xml version="1.0" encoding="UTF-8"?>
<!-- Generated by org.testng.reporters.JUnitReportReporter -->
<testsuite hostname="LAPTOP-FUN2M76R" failures="0" tests="3" name="test.LoginTest" time="0.277" errors="0" timestamp="2024-12-25T16:03:20 IST" skipped="0">
  <testcase classname="test.LoginTest" name="clickonclose" time="0.244"/>
  <system-out/>
  <testcase classname="test.LoginTest" name="gettitle" time="0.018"/>
  <system-out/>
  <testcase classname="test.LoginTest" name="geturl" time="0.015"/>
  <system-out/>
</testsuite> <!-- test.LoginTest -->
