<?xml version="1.0" encoding="UTF-8"?>
<!-- Generated by org.testng.reporters.JUnitReportReporter -->
<testsuite hostname="LAPTOP-FUN2M76R" failures="0" tests="7" name="test.TabsTest" time="5.740" errors="0" timestamp="2024-12-18T20:18:37 IST" skipped="0">
  <testcase classname="test.TabsTest" name="clickAtClose" time="0.802"/>
  <system-out/>
  <testcase classname="test.TabsTest" name="clickAtPractice" time="2.055"/>
  <system-out/>
  <testcase classname="test.TabsTest" name="clickAtWigets" time="0.338"/>
  <system-out/>
  <testcase classname="test.TabsTest" name="clickAtTab" time="0.437"/>
  <system-out/>
  <testcase classname="test.TabsTest" name="clickAtTab1" time="1.141"/>
  <system-out/>
  <testcase classname="test.TabsTest" name="clickAtTab2" time="0.443"/>
  <system-out/>
  <testcase classname="test.TabsTest" name="clickAtTab3" time="0.524"/>
  <system-out/>
</testsuite> <!-- test.TabsTest -->
