<?xml version="1.0" encoding="UTF-8"?>
<!-- Generated by org.testng.reporters.JUnitReportReporter -->
<testsuite hostname="LAPTOP-FUN2M76R" failures="0" tests="6" name="test.Upload_DownloadTest" time="15.033" errors="0" timestamp="2024-12-25T16:03:21 IST" skipped="0">
  <testcase classname="test.Upload_DownloadTest" name="clickAtClose" time="2.822"/>
  <system-out/>
  <testcase classname="test.Upload_DownloadTest" name="clickAtPractice" time="7.938"/>
  <system-out/>
  <testcase classname="test.Upload_DownloadTest" name="clickAtElements" time="0.575"/>
  <system-out/>
  <testcase classname="test.Upload_DownloadTest" name="clickAtUploads" time="0.835"/>
  <system-out/>
  <testcase classname="test.Upload_DownloadTest" name="clickAtChose" time="0.290"/>
  <system-out/>
  <testcase classname="test.Upload_DownloadTest" name="uploadDoc" time="2.573"/>
  <system-out/>
</testsuite> <!-- test.Upload_DownloadTest -->
