<?xml version="1.0" encoding="UTF-8"?>
<!-- Generated by org.testng.reporters.JUnitReportReporter -->
<testsuite hostname="LAPTOP-FUN2M76R" failures="0" tests="7" name="test.TextBoxTest" time="7.022" errors="0" timestamp="2024-12-09T20:44:48 IST" skipped="0">
  <testcase classname="test.TextBoxTest" name="clickonclose" time="0.399"/>
  <system-out/>
  <testcase classname="test.TextBoxTest" name="clickonpractice" time="2.068"/>
  <system-out/>
  <testcase classname="test.TextBoxTest" name="clickonelements" time="0.306"/>
  <system-out/>
  <testcase classname="test.TextBoxTest" name="clickontextbox" time="1.173"/>
  <system-out/>
  <testcase classname="test.TextBoxTest" name="filldetails" time="2.190"/>
  <system-out/>
  <testcase classname="test.TextBoxTest" name="clickonsubmit" time="0.277"/>
  <system-out/>
  <testcase classname="test.TextBoxTest" name="validate" time="0.609"/>
  <system-out/>
</testsuite> <!-- test.TextBoxTest -->
