<?xml version="1.0" encoding="UTF-8"?>
<!-- Generated by org.testng.reporters.JUnitReportReporter -->
<testsuite hostname="LAPTOP-FUN2M76R" failures="0" tests="5" name="test.Slider_Test" time="5.792" errors="0" timestamp="2024-12-25T16:03:20 IST" skipped="0">
  <testcase classname="test.Slider_Test" name="clickAtClose" time="0.894"/>
  <system-out/>
  <testcase classname="test.Slider_Test" name="clickAtPractice" time="3.482"/>
  <system-out/>
  <testcase classname="test.Slider_Test" name="clickAtWigets" time="0.293"/>
  <system-out/>
  <testcase classname="test.Slider_Test" name="clickAtSlider" time="0.613"/>
  <system-out/>
  <testcase classname="test.Slider_Test" name="clickAtSliderBar" time="0.510"/>
  <system-out/>
</testsuite> <!-- test.Slider_Test -->
