<?xml version="1.0" encoding="UTF-8"?>
<!-- Generated by org.testng.reporters.JUnitReportReporter -->
<testsuite hostname="LAPTOP-FUN2M76R" failures="0" tests="6" name="test.ProgressBarTest" time="6.299" errors="0" timestamp="2024-12-25T16:03:21 IST" skipped="0">
  <testcase classname="test.ProgressBarTest" name="clickAtClose" time="0.455"/>
  <system-out/>
  <testcase classname="test.ProgressBarTest" name="clickAtPractice" time="4.331"/>
  <system-out/>
  <testcase classname="test.ProgressBarTest" name="clickAtWigets" time="0.457"/>
  <system-out/>
  <testcase classname="test.ProgressBarTest" name="clickAtProgressBar" time="0.526"/>
  <system-out/>
  <testcase classname="test.ProgressBarTest" name="clickAtStrtBtn" time="0.381"/>
  <system-out/>
  <testcase classname="test.ProgressBarTest" name="ProgressBar" time="0.149"/>
  <system-out/>
</testsuite> <!-- test.ProgressBarTest -->
