<?xml version="1.0" encoding="UTF-8"?>
<!-- Generated by org.testng.reporters.JUnitReportReporter -->
<testsuite hostname="LAPTOP-FUN2M76R" failures="0" tests="6" name="test.ProgressBarTest" time="5.014" errors="0" timestamp="2024-12-14T15:25:34 IST" skipped="0">
  <testcase classname="test.ProgressBarTest" name="clickAtClose" time="0.481"/>
  <system-out/>
  <testcase classname="test.ProgressBarTest" name="clickAtPractice" time="2.144"/>
  <system-out/>
  <testcase classname="test.ProgressBarTest" name="clickAtWigets" time="0.378"/>
  <system-out/>
  <testcase classname="test.ProgressBarTest" name="clickAtProgressBar" time="0.475"/>
  <system-out/>
  <testcase classname="test.ProgressBarTest" name="clickAtStrtBtn" time="0.347"/>
  <system-out/>
  <testcase classname="test.ProgressBarTest" name="ProgressBar" time="1.189"/>
  <system-out/>
</testsuite> <!-- test.ProgressBarTest -->
